<?xml version="1.0" encoding="UTF-8"?>
<Site BuildName="(empty)"
	BuildStamp="20231204-1623-Experimental"
	Name="(empty)"
	Generator="ctest-3.28.0-rc5"
	CompilerName=""
	CompilerVersion=""
	OSName="Windows"
	Hostname="DESKTOP-NERE293"
	OSRelease=" Personal"
	OSVersion=" (Build 19045)"
	OSPlatform="AMD64"
	Is64Bits="1"
	VendorString="GenuineIntel"
	VendorID="Intel Corporation"
	FamilyID="6"
	ModelID="7"
	ProcessorCacheSize="-1"
	NumberOfLogicalCPU="12"
	NumberOfPhysicalCPU="6"
	TotalVirtualMemory="18801"
	TotalPhysicalMemory="16241"
	LogicalProcessorsPerPhysical="2"
	ProcessorClockFrequency="2496"
	>
	<Testing>
		<StartDateTime>Dec 04 08:23 Pacific Standard Time</StartDateTime>
		<StartTestTime>1701707021</StartTestTime>
		<TestList/>
		<EndDateTime>Dec 04 08:23 Pacific Standard Time</EndDateTime>
		<EndTestTime>1701707021</EndTestTime>
		<ElapsedMinutes>0</ElapsedMinutes>
	</Testing>
</Site>
